{"level":"info","message":"Connected to MongoDB ..."}
{"level":"info","message":"Connected to MongoDB ..."}
{"level":"info","message":"Connected to MongoDB ..."}
{"level":"info","message":"Connected to MongoDB ..."}
{"level":"info","message":"Connected to MongoDB ..."}
{"body":{"name":"Tomato"},"level":"info","service":"user-service"}
{"attributes":{"name":"Tomato"},"level":"info","service":"user-service"}
{"sanitizedBody":{"name":"Tomato"},"level":"info","service":"user-service"}
{"level":"info","message":"Connected to MongoDB ..."}
{"level":"info","message":"Connected to MongoDB ..."}
{"level":"info","message":"Express is listening on port 3030 ..."}
{"level":"info","message":"Connected to MongoDB ..."}
{"level":"info","message":"Express is listening on port 3030 ..."}
{"level":"info","message":"Connected to MongoDB ..."}
{"level":"info","message":"Express is listening on port 3030 ..."}
{"level":"info","message":"Connected to MongoDB ..."}
{"level":"info","message":"Express is listening on port 3030 ..."}
{"level":"info","message":"Connected to MongoDB ..."}
{"level":"info","message":"Express is listening on port 3030 ..."}
{"level":"info","message":"Connected to MongoDB ..."}
{"level":"info","message":"Express is listening on port 3030 ..."}
{"level":"info","message":"Connected to MongoDB ..."}
{"level":"info","message":"Express is listening on port 3030 ..."}
{"level":"info","message":"Connected to MongoDB ..."}
{"level":"info","message":"Express is listening on port 3030 ..."}
{"level":"info","message":"Connected to MongoDB ..."}
{"level":"info","message":"Express is listening on port 3030 ..."}
{"level":"info","message":"Connected to MongoDB ..."}
{"body":{"password":"123456"},"level":"info","service":"user-service"}
{"attributes":{"password":"123456"},"level":"info","service":"user-service"}
{"sanitizedBody":{"password":"123456"},"level":"info","service":"user-service"}
{"level":"info","message":"Express is listening on port 3030 ..."}
{"level":"info","message":"Connected to MongoDB ..."}
{"level":"info","message":"Express is listening on port 3030 ..."}
{"level":"info","message":"Connected to MongoDB ..."}
{"level":"info","message":"Express is listening on port 3030 ..."}
{"level":"info","message":"Connected to MongoDB ..."}
{"level":"info","message":"Express is listening on port 3030 ..."}
{"level":"info","message":"Connected to MongoDB ..."}
{"level":"info","message":"Express is listening on port 3030 ..."}
{"level":"info","message":"Connected to MongoDB ..."}
{"level":"info","message":"Express is listening on port 3030 ..."}
{"level":"info","message":"Connected to MongoDB ..."}
{"level":"info","message":"Express is listening on port 3030 ..."}
{"level":"info","message":"Connected to MongoDB ..."}
{"level":"info","message":"Express is listening on port 3030 ..."}
{"level":"info","message":"Connected to MongoDB ..."}
{"level":"info","message":"Express is listening on port 3030 ..."}
{"level":"info","message":"Connected to MongoDB ..."}
{"level":"info","message":"Express is listening on port 3030 ..."}
{"level":"info","message":"Connected to MongoDB ..."}
{"level":"info","message":"Express is listening on port 3030 ..."}
{"level":"info","message":"Connected to MongoDB ..."}
{"level":"info","message":"Express is listening on port 3030 ..."}
{"level":"info","message":"Connected to MongoDB ..."}
{"level":"info","message":"Express is listening on port 3030 ..."}
{"level":"info","message":"Connected to MongoDB ..."}
{"level":"info","message":"Express is listening on port 3030 ..."}
{"level":"info","message":"Connected to MongoDB ..."}
{"level":"info","message":"Express is listening on port 3030 ..."}
{"level":"info","message":"Connected to MongoDB ..."}
{"level":"info","message":"Express is listening on port 3030 ..."}
{"level":"info","message":"Connected to MongoDB ..."}
